<?xml version="1.0" encoding="UTF-8"?>
<!-- Generated by org.testng.reporters.JUnitReportReporter -->
<testsuite hostname="DESKTOP-8K1P98N" failures="0" tests="1" name="Academy.Base" time="0.015" errors="0" timestamp="2021-11-01T10:57:25 IST" skipped="0">
  <testcase classname="Academy.Base" name="initialDriver" time="0.015"/>
  <system-out/>
</testsuite> <!-- Academy.Base -->
