<?xml version="1.0" encoding="UTF-8"?>
<!-- Generated by org.testng.reporters.JUnitReportReporter -->
<testsuite hostname="DESKTOP-8K1P98N" failures="0" tests="1" name="Tests.HomePage" time="20.866" errors="0" timestamp="2021-11-01T18:45:47 IST" skipped="0">
  <testcase classname="Tests.HomePage" name="Launch" time="20.866"/>
  <system-out/>
</testsuite> <!-- Tests.HomePage -->
